hurried   for
otters   among
fish   by
fish   by
fish   for
whales   onto
swam   onto
otters   among
advanced   toward
seals   among
seals   onto
otters   onto
whales   onto
whales   by
seals   among
swam   by
fish   beside
seals   onto
swam   by
fish   by
whales   beside
whales   beside
hurried   for
otters   for
whales   onto
fish   beside
swam   onto
fish   by
seals   onto
fish   beside
swam   by
hurried   for
otters   among
seals   onto
otters   among
whales   for
whales   beside
otters   onto
seals   among
fish   for
otters   onto
whales   for
advanced   beside
whales   for
otters   onto
whales   by
hurried   for
swam   onto
swam   by
swam   by
hurried   for
fish   by
whales   by
whales   beside
fish   onto
whales   toward
advanced   toward
Total-whale: 42 vs True-whale: 14
Total-swam: 5 vs True-swam: 3
v_p_true: 0 , n_p_true 3
